INFO:root:Application started
INFO:root:Application started
INFO:root:Application started
INFO:root:Application started
INFO:root:Application started
INFO:root:Application started
ERROR:root:Error loading data: name 'column_names' is not defined
Traceback (most recent call last):
  File "/home/almightynan/Desktop/mayhem/mayhem/jeya_suryaa/rewrite.py", line 124, in main
    analyze_column_stats(stdscr, df, column_names)
                                     ^^^^^^^^^^^^
NameError: name 'column_names' is not defined
INFO:root:Application started
ERROR:root:
Error loading data: name 'column_names' is not defined
Traceback (most recent call last):
  File "/home/almightynan/Desktop/mayhem/mayhem/jeya_suryaa/rewrite.py", line 124, in main
    analyze_column_stats(stdscr, df, column_names)
                                     ^^^^^^^^^^^^
NameError: name 'column_names' is not defined
INFO:root:Application started
INFO:root:Application started
INFO:root:Application started
INFO:root:Application started
INFO:root:Application started
INFO:root:Application started
INFO:root:Application started
INFO:root:Application started
INFO:root:Application started
INFO:root:Application started
INFO:root:Application started
INFO:root:Application started
INFO:root:Application started
INFO:root:Data exported to /home/almightynan/Desktop/mayhem/mayhem/jeya_suryaa/wawa.csv
INFO:root:Application started
INFO:root:Application started
INFO:root:Data exported to /home/almightynan/Desktop/mayhem/mayhem/jeya_suryaa/wawa.csv
INFO:root:Application started
INFO:root:Application started
INFO:root:Data exported to /home/almightynan/Desktop/mayhem/mayhem/jeya_suryaa/wawa.csv
INFO:root:Application started
INFO:root:Application started
INFO:root:Application started
INFO:root:Application started
INFO:root:Application started
INFO:root:Application started
INFO:root:Application started
INFO:root:Application started
INFO:root:Application started
INFO:root:Application started
